c:\users\anhki\onedrive\desktop\f\fix\ver2\sdigui\x64\debug\vc141.pdb
c:\users\anhki\onedrive\desktop\f\fix\ver2\sdigui\x64\debug\search.obj
c:\users\anhki\onedrive\desktop\f\fix\ver2\sdigui\x64\debug\binary_search_tree.obj
c:\users\anhki\onedrive\desktop\f\fix\ver2\sdigui\x64\debug\file_parser.obj
c:\users\anhki\onedrive\desktop\f\fix\ver2\sdigui\x64\debug\binary_search_view.obj
c:\users\anhki\onedrive\desktop\f\fix\ver2\sdigui\x64\debug\myform.obj
c:\users\anhki\onedrive\desktop\f\fix\ver2\sdigui\x64\debug\mainscreen.obj
c:\users\anhki\onedrive\desktop\f\fix\ver2\sdigui\x64\debug\.netframework,version=v4.6.1.assemblyattributes.obj
c:\users\anhki\onedrive\desktop\f\fix\ver2\sdigui\x64\debug\.netframework,version=v4.6.1.assemblyattributes.asm
c:\users\anhki\onedrive\desktop\f\fix\ver2\x64\debug\sdigui.exe
c:\users\anhki\onedrive\desktop\f\fix\ver2\x64\debug\sdigui.pdb
c:\users\anhki\onedrive\desktop\f\fix\ver2\sdigui\x64\debug\sdigui.mainscreen.resources
c:\users\anhki\onedrive\desktop\f\fix\ver2\sdigui\x64\debug\sdigui.myform.resources
c:\users\anhki\onedrive\desktop\f\fix\ver2\sdigui\x64\debug\sdigui.binary_search_view.resources
c:\users\anhki\onedrive\desktop\f\fix\ver2\sdigui\x64\debug\sdigui.vcxproj.generateresource.cache
c:\users\anhki\onedrive\desktop\f\fix\ver2\sdigui\x64\debug\sdigui.vcxprojresolveassemblyreference.cache
c:\users\anhki\onedrive\desktop\f\fix\ver2\sdigui\x64\debug\sdigui.tlog\cl.command.1.tlog
c:\users\anhki\onedrive\desktop\f\fix\ver2\sdigui\x64\debug\sdigui.tlog\cl.read.1.tlog
c:\users\anhki\onedrive\desktop\f\fix\ver2\sdigui\x64\debug\sdigui.tlog\cl.write.1.tlog
c:\users\anhki\onedrive\desktop\f\fix\ver2\sdigui\x64\debug\sdigui.tlog\link.command.1.tlog
c:\users\anhki\onedrive\desktop\f\fix\ver2\sdigui\x64\debug\sdigui.tlog\link.read.1.tlog
c:\users\anhki\onedrive\desktop\f\fix\ver2\sdigui\x64\debug\sdigui.tlog\link.write.1.tlog
c:\users\anhki\onedrive\desktop\f\fix\ver2\sdigui\x64\debug\sdigui.tlog\metagen.read.1.tlog
c:\users\anhki\onedrive\desktop\f\fix\ver2\sdigui\x64\debug\sdigui.tlog\metagen.write.1.tlog
c:\users\anhki\onedrive\desktop\f\fix\ver2\sdigui\x64\debug\sdigui.tlog\sdigui.write.1u.tlog
